ERROR - 2023-06-05 09:33:36 --> Error connecting to the database: No connection could be made because the target machine actively refused it.

CRITICAL - 2023-06-05 09:33:36 --> Unable to connect to the database.
Main connection [MySQLi]: No connection could be made because the target machine actively refused it.

#0 C:\Users\ASUS\Downloads\Lab9Web\ci4\system\Database\BaseConnection.php(577): CodeIgniter\Database\BaseConnection->initialize()
#1 C:\Users\ASUS\Downloads\Lab9Web\ci4\system\Database\BaseBuilder.php(1455): CodeIgniter\Database\BaseConnection->query('SELECT *\nFROM `...', Array, false)
#2 C:\Users\ASUS\Downloads\Lab9Web\ci4\system\Model.php(183): CodeIgniter\Database\BaseBuilder->get()
#3 C:\Users\ASUS\Downloads\Lab9Web\ci4\system\BaseModel.php(584): CodeIgniter\Model->doFindAll(0, 0)
#4 C:\Users\ASUS\Downloads\Lab9Web\ci4\app\Controllers\Artikel.php(14): CodeIgniter\BaseModel->findAll()
#5 C:\Users\ASUS\Downloads\Lab9Web\ci4\system\CodeIgniter.php(832): App\Controllers\Artikel->index()
#6 C:\Users\ASUS\Downloads\Lab9Web\ci4\system\CodeIgniter.php(419): CodeIgniter\CodeIgniter->runController(Object(App\Controllers\Artikel))
#7 C:\Users\ASUS\Downloads\Lab9Web\ci4\system\CodeIgniter.php(326): CodeIgniter\CodeIgniter->handleRequest(NULL, Object(Config\Cache), false)
#8 C:\Users\ASUS\Downloads\Lab9Web\ci4\public\index.php(37): CodeIgniter\CodeIgniter->run()
#9 C:\Users\ASUS\Downloads\Lab9Web\ci4\system\Commands\Server\rewrite.php(43): require_once('C:\\Users\\ASUS\\D...')
#10 {main}
ERROR - 2023-06-05 22:00:01 --> Error connecting to the database: No connection could be made because the target machine actively refused it.

CRITICAL - 2023-06-05 22:00:01 --> Unable to connect to the database.
Main connection [MySQLi]: No connection could be made because the target machine actively refused it.

#0 C:\xampp\htdocs\Lab10Web\ci4\system\Database\BaseConnection.php(577): CodeIgniter\Database\BaseConnection->initialize()
#1 C:\xampp\htdocs\Lab10Web\ci4\system\Database\BaseBuilder.php(1455): CodeIgniter\Database\BaseConnection->query('SELECT *\nFROM `...', Array, false)
#2 C:\xampp\htdocs\Lab10Web\ci4\system\Model.php(210): CodeIgniter\Database\BaseBuilder->get()
#3 C:\xampp\htdocs\Lab10Web\ci4\system\BaseModel.php(622): CodeIgniter\Model->doFirst()
#4 C:\xampp\htdocs\Lab10Web\ci4\app\Controllers\User.php(26): CodeIgniter\BaseModel->first()
#5 C:\xampp\htdocs\Lab10Web\ci4\system\CodeIgniter.php(832): App\Controllers\User->login()
#6 C:\xampp\htdocs\Lab10Web\ci4\system\CodeIgniter.php(419): CodeIgniter\CodeIgniter->runController(Object(App\Controllers\User))
#7 C:\xampp\htdocs\Lab10Web\ci4\system\CodeIgniter.php(326): CodeIgniter\CodeIgniter->handleRequest(NULL, Object(Config\Cache), false)
#8 C:\xampp\htdocs\Lab10Web\ci4\public\index.php(37): CodeIgniter\CodeIgniter->run()
#9 C:\xampp\htdocs\Lab10Web\ci4\system\Commands\Server\rewrite.php(43): require_once('C:\\xampp\\htdocs...')
#10 {main}
ERROR - 2023-06-05 22:00:50 --> Table 'lab_ci4.user' doesn't exist
CRITICAL - 2023-06-05 22:00:50 --> Table 'lab_ci4.user' doesn't exist
#0 C:\xampp\htdocs\Lab10Web\ci4\system\Database\MySQLi\Connection.php(292): mysqli->query('SELECT *\nFROM `...', 0)
#1 C:\xampp\htdocs\Lab10Web\ci4\system\Database\BaseConnection.php(670): CodeIgniter\Database\MySQLi\Connection->execute('SELECT *\nFROM `...')
#2 C:\xampp\htdocs\Lab10Web\ci4\system\Database\BaseConnection.php(598): CodeIgniter\Database\BaseConnection->simpleQuery('SELECT *\nFROM `...')
#3 C:\xampp\htdocs\Lab10Web\ci4\system\Database\BaseBuilder.php(1455): CodeIgniter\Database\BaseConnection->query('SELECT *\nFROM `...', Array, false)
#4 C:\xampp\htdocs\Lab10Web\ci4\system\Model.php(210): CodeIgniter\Database\BaseBuilder->get()
#5 C:\xampp\htdocs\Lab10Web\ci4\system\BaseModel.php(622): CodeIgniter\Model->doFirst()
#6 C:\xampp\htdocs\Lab10Web\ci4\app\Controllers\User.php(26): CodeIgniter\BaseModel->first()
#7 C:\xampp\htdocs\Lab10Web\ci4\system\CodeIgniter.php(832): App\Controllers\User->login()
#8 C:\xampp\htdocs\Lab10Web\ci4\system\CodeIgniter.php(419): CodeIgniter\CodeIgniter->runController(Object(App\Controllers\User))
#9 C:\xampp\htdocs\Lab10Web\ci4\system\CodeIgniter.php(326): CodeIgniter\CodeIgniter->handleRequest(NULL, Object(Config\Cache), false)
#10 C:\xampp\htdocs\Lab10Web\ci4\public\index.php(37): CodeIgniter\CodeIgniter->run()
#11 C:\xampp\htdocs\Lab10Web\ci4\system\Commands\Server\rewrite.php(43): require_once('C:\\xampp\\htdocs...')
#12 {main}
ERROR - 2023-06-05 22:10:23 --> Table 'lab_ci4.user' doesn't exist
CRITICAL - 2023-06-05 22:10:23 --> Table 'lab_ci4.user' doesn't exist
#0 C:\xampp\htdocs\Lab10Web\ci4\system\Database\MySQLi\Connection.php(292): mysqli->query('SELECT *\nFROM `...', 0)
#1 C:\xampp\htdocs\Lab10Web\ci4\system\Database\BaseConnection.php(670): CodeIgniter\Database\MySQLi\Connection->execute('SELECT *\nFROM `...')
#2 C:\xampp\htdocs\Lab10Web\ci4\system\Database\BaseConnection.php(598): CodeIgniter\Database\BaseConnection->simpleQuery('SELECT *\nFROM `...')
#3 C:\xampp\htdocs\Lab10Web\ci4\system\Database\BaseBuilder.php(1455): CodeIgniter\Database\BaseConnection->query('SELECT *\nFROM `...', Array, false)
#4 C:\xampp\htdocs\Lab10Web\ci4\system\Model.php(210): CodeIgniter\Database\BaseBuilder->get()
#5 C:\xampp\htdocs\Lab10Web\ci4\system\BaseModel.php(622): CodeIgniter\Model->doFirst()
#6 C:\xampp\htdocs\Lab10Web\ci4\app\Controllers\User.php(26): CodeIgniter\BaseModel->first()
#7 C:\xampp\htdocs\Lab10Web\ci4\system\CodeIgniter.php(832): App\Controllers\User->login()
#8 C:\xampp\htdocs\Lab10Web\ci4\system\CodeIgniter.php(419): CodeIgniter\CodeIgniter->runController(Object(App\Controllers\User))
#9 C:\xampp\htdocs\Lab10Web\ci4\system\CodeIgniter.php(326): CodeIgniter\CodeIgniter->handleRequest(NULL, Object(Config\Cache), false)
#10 C:\xampp\htdocs\Lab10Web\ci4\public\index.php(37): CodeIgniter\CodeIgniter->run()
#11 C:\xampp\htdocs\Lab10Web\ci4\system\Commands\Server\rewrite.php(43): require_once('C:\\xampp\\htdocs...')
#12 {main}
ERROR - 2023-06-05 22:20:34 --> Table 'lab_ci4.user' doesn't exist
CRITICAL - 2023-06-05 22:20:34 --> Table 'lab_ci4.user' doesn't exist
#0 C:\xampp\htdocs\Lab10Web\ci4\system\Database\MySQLi\Connection.php(292): mysqli->query('SELECT *\nFROM `...', 0)
#1 C:\xampp\htdocs\Lab10Web\ci4\system\Database\BaseConnection.php(670): CodeIgniter\Database\MySQLi\Connection->execute('SELECT *\nFROM `...')
#2 C:\xampp\htdocs\Lab10Web\ci4\system\Database\BaseConnection.php(598): CodeIgniter\Database\BaseConnection->simpleQuery('SELECT *\nFROM `...')
#3 C:\xampp\htdocs\Lab10Web\ci4\system\Database\BaseBuilder.php(1455): CodeIgniter\Database\BaseConnection->query('SELECT *\nFROM `...', Array, false)
#4 C:\xampp\htdocs\Lab10Web\ci4\system\Model.php(210): CodeIgniter\Database\BaseBuilder->get()
#5 C:\xampp\htdocs\Lab10Web\ci4\system\BaseModel.php(622): CodeIgniter\Model->doFirst()
#6 C:\xampp\htdocs\Lab10Web\ci4\app\Controllers\User.php(26): CodeIgniter\BaseModel->first()
#7 C:\xampp\htdocs\Lab10Web\ci4\system\CodeIgniter.php(832): App\Controllers\User->login()
#8 C:\xampp\htdocs\Lab10Web\ci4\system\CodeIgniter.php(419): CodeIgniter\CodeIgniter->runController(Object(App\Controllers\User))
#9 C:\xampp\htdocs\Lab10Web\ci4\system\CodeIgniter.php(326): CodeIgniter\CodeIgniter->handleRequest(NULL, Object(Config\Cache), false)
#10 C:\xampp\htdocs\Lab10Web\ci4\public\index.php(37): CodeIgniter\CodeIgniter->run()
#11 C:\xampp\htdocs\Lab10Web\ci4\system\Commands\Server\rewrite.php(43): require_once('C:\\xampp\\htdocs...')
#12 {main}
